object Data {
  val orgFirst = """
"Limit  (cost=217145.63..217146.53 rows=20 width=484) (actual time=17451.696..17451.826 rows=20 loops=1)"
"  ->  Unique  (cost=217145.63..217535.87 rows=8672 width=484) (actual time=17451.691..17451.773 rows=20 loops=1)"
"        ->  Sort  (cost=217145.63..217167.31 rows=8672 width=484) (actual time=17451.687..17451.717 rows=20 loops=1)"
"              Sort Key: public.payoffs.closedate, public.contracts.contract_cd, (COALESCE(sum(sales.salequantity), 0::numeric)), (COALESCE(sum(sales.saleprice), 0::numeric)), (COALESCE(sum(sales.netprofit), 0::numeric)), (COALESCE(sum(commshop.commissionprice), 0::numeric)), (COALESCE(sum(commdelivery.commissionprice), 0::numeric)), (COALESCE(sum(commpickup.commissionprice), 0::numeric)), (COALESCE(sum(commpricetag.commissionprice), 0::numeric)), (COALESCE(sum(commbox.commissionprice), 0::numeric)), (COALESCE(sum(commpaperwork.commissionprice), 0::numeric)), (COALESCE((sum(payoffothers.price)), 0::numeric)), public.payoffs.id, public.contracts.id, public.contracts.contractorname, public.contracts.contractorkname, public.organizations.name"
"              Sort Method: quicksort  Memory: 94kB"
"              ->  Nested Loop Left Join  (cost=212714.19..214681.39 rows=8672 width=484) (actual time=17260.478..17449.746 rows=260 loops=1)"
"                    Join Filter: ((sales.payoff_id = payoffothers.payoff_id) AND (public.contracts.id = payoffothers.contract_id))"
"                    Rows Removed by Join Filter: 1815"
"                    ->  Hash Left Join  (cost=212713.07..213617.79 rows=8672 width=456) (actual time=17243.052..17426.633 rows=260 loops=1)"
"                          Hash Cond: (public.contracts.organization_id = public.organizations.id)"
"                          ->  Hash Left Join  (cost=212711.51..213496.99 rows=8672 width=352) (actual time=17242.913..17425.766 rows=260 loops=1)"
"                                Hash Cond: ((sales.contract_cd)::text = (public.contracts.contract_cd)::text)"
"                                ->  Merge Left Join  (cost=212596.45..213256.47 rows=8672 width=305) (actual time=17236.941..17418.862 rows=260 loops=1)"
"                                      Merge Cond: (sales.payoff_id = public.payoffs.id)"
"                                      ->  GroupAggregate  (cost=212596.45..212965.01 rows=8672 width=51) (actual time=17233.892..17413.601 rows=260 loops=1)"
"                                            ->  Sort  (cost=212596.45..212618.13 rows=8672 width=51) (actual time=17232.441..17302.121 rows=26707 loops=1)"
"                                                  Sort Key: sales.payoff_id, sales.contract_cd, public.contracts.id"
"                                                  Sort Method: external merge  Disk: 1776kB"
"                                                  ->  Hash Right Join  (cost=175705.43..212029.20 rows=8672 width=51) (actual time=16197.932..17092.785 rows=26707 loops=1)"
"                                                        Hash Cond: (commbox.sale_id = sales.id)"
"                                                        ->  Seq Scan on salecommissions commbox  (cost=0.00..31655.24 rows=366545 width=8) (actual time=0.154..758.210 rows=364872 loops=1)"
"                                                              Filter: (((isexempt IS NULL) OR (isexempt = 0)) AND (commissiondiv_id = 31))"
"                                                              Rows Removed by Filter: 1054011"
"                                                        ->  Hash  (cost=175597.39..175597.39 rows=8643 width=51) (actual time=15632.168..15632.168 rows=26707 loops=1)"
"                                                              Buckets: 1024  Batches: 2 (originally 1)  Memory Usage: 1134kB"
"                                                              ->  Hash Right Join  (cost=139332.64..175597.39 rows=8643 width=51) (actual time=14691.714..15583.281 rows=26707 loops=1)"
"                                                                    Hash Cond: (commpaperwork.sale_id = sales.id)"
"                                                                    ->  Seq Scan on salecommissions commpaperwork  (cost=0.00..31655.24 rows=361910 width=8) (actual time=0.158..755.374 rows=364872 loops=1)"
"                                                                          Filter: (((isexempt IS NULL) OR (isexempt = 0)) AND (commissiondiv_id = 37))"
"                                                                          Rows Removed by Filter: 1054011"
"                                                                    ->  Hash  (cost=139224.60..139224.60 rows=8643 width=47) (actual time=14132.122..14132.122 rows=26707 loops=1)"
"                                                                          Buckets: 1024  Batches: 2 (originally 1)  Memory Usage: 1069kB"
"                                                                          ->  Nested Loop Left Join  (cost=53408.42..139224.60 rows=8643 width=47) (actual time=12938.267..14083.487 rows=26707 loops=1)"
"                                                                                Join Filter: (sales.id = commpickup.sale_id)"
"                                                                                ->  Nested Loop Left Join  (cost=53408.42..112878.97 rows=8643 width=43) (actual time=12877.465..13896.376 rows=26707 loops=1)"
"                                                                                      Join Filter: (sales.id = commdelivery.sale_id)"
"                                                                                      ->  Hash Right Join  (cost=53408.42..86533.33 rows=8643 width=39) (actual time=11273.416..12166.435 rows=26707 loops=1)"
"                                                                                            Hash Cond: (commshop.sale_id = sales.id)"
"                                                                                            ->  Seq Scan on salecommissions commshop  (cost=0.00..31655.24 rows=368862 width=8) (actual time=0.167..760.354 rows=364872 loops=1)"
"                                                                                                  Filter: (((isexempt IS NULL) OR (isexempt = 0)) AND (commissiondiv_id = 27))"
"                                                                                                  Rows Removed by Filter: 1054011"
"                                                                                            ->  Hash  (cost=53301.42..53301.42 rows=8560 width=35) (actual time=10706.472..10706.472 rows=26707 loops=1)"
"                                                                                                  Buckets: 1024  Batches: 2 (originally 1)  Memory Usage: 1025kB"
"                                                                                                  ->  Nested Loop  (cost=20278.04..53301.42 rows=8560 width=35) (actual time=9172.172..10658.200 rows=26707 loops=1)"
"                                                                                                        ->  Seq Scan on organizations  (cost=0.00..1.31 rows=1 width=4) (actual time=10.425..10.437 rows=1 loops=1)"
"                                                                                                              Filter: (id = 7)"
"                                                                                                              Rows Removed by Filter: 24"
"                                                                                                        ->  Hash Right Join  (cost=20278.04..53214.51 rows=8560 width=39) (actual time=9161.732..10583.375 rows=26707 loops=1)"
"                                                                                                              Hash Cond: (commpricetag.sale_id = sales.id)"
"                                                                                                              ->  Seq Scan on salecommissions commpricetag  (cost=0.00..31655.24 rows=321566 width=8) (actual time=14.869..2000.763 rows=324267 loops=1)"
"                                                                                                                    Filter: (((isexempt IS NULL) OR (isexempt = 0)) AND (commissiondiv_id = 30))"
"                                                                                                                    Rows Removed by Filter: 1094616"
"                                                                                                              ->  Hash  (cost=20171.04..20171.04 rows=8560 width=35) (actual time=7941.269..7941.269 rows=26707 loops=1)"
"                                                                                                                    Buckets: 1024  Batches: 2 (originally 1)  Memory Usage: 1025kB"
"                                                                                                                    ->  Hash Join  (cost=132.13..20171.04 rows=8560 width=35) (actual time=266.537..7889.898 rows=26707 loops=1)"
"                                                                                                                          Hash Cond: ((sales.contract_cd)::text = (public.contracts.contract_cd)::text)"
"                                                                                                                          ->  Hash Join  (cost=25.08..19843.56 rows=26965 width=27) (actual time=244.829..7729.658 rows=75304 loops=1)"
"                                                                                                                                Hash Cond: (sales.payoff_id = public.payoffs.id)"
"                                                                                                                                ->  Seq Scan on sales  (cost=0.00..19056.00 rows=131423 width=27) (actual time=241.484..7425.652 rows=131510 loops=1)"
"                                                                                                                                      Filter: (payoff_id IS NOT NULL)"
"                                                                                                                                      Rows Removed by Filter: 233790"
"                                                                                                                                ->  Hash  (cost=19.60..19.60 rows=438 width=4) (actual time=3.259..3.259 rows=438 loops=1)"
"                                                                                                                                      Buckets: 1024  Batches: 1  Memory Usage: 16kB"
"                                                                                                                                      ->  Seq Scan on payoffs  (cost=0.00..19.60 rows=438 width=4) (actual time=1.964..2.638 rows=438 loops=1)"
"                                                                                                                                            Filter: (closedate >= '2013-10-31'::date)"
"                                                                                                                                            Rows Removed by Filter: 330"
"                                                                                                                          ->  Hash  (cost=98.68..98.68 rows=670 width=12) (actual time=21.666..21.666 rows=626 loops=1)"
"                                                                                                                                Buckets: 1024  Batches: 1  Memory Usage: 30kB"
"                                                                                                                                ->  Seq Scan on contracts  (cost=0.00..98.68 rows=670 width=12) (actual time=11.649..20.653 rows=626 loops=1)"
"                                                                                                                                      Filter: (((status IS NULL) OR (status = 0)) AND (organization_id = 7))"
"                                                                                                                                      Rows Removed by Filter: 1486"
"                                                                                      ->  Materialize  (cost=0.00..26215.99 rows=1 width=8) (actual time=0.061..0.061 rows=0 loops=26707)"
"                                                                                            ->  Index Scan using salecommissions_sale_id_commissiondiv_id_key on salecommissions commdelivery  (cost=0.00..26215.99 rows=1 width=8) (actual time=1604.014..1604.014 rows=0 loops=1)"
"                                                                                                  Index Cond: (commissiondiv_id = 28)"
"                                                                                                  Filter: ((isexempt IS NULL) OR (isexempt = 0))"
"                                                                                ->  Materialize  (cost=0.00..26215.99 rows=1 width=8) (actual time=0.003..0.003 rows=0 loops=26707)"
"                                                                                      ->  Index Scan using salecommissions_sale_id_commissiondiv_id_key on salecommissions commpickup  (cost=0.00..26215.99 rows=1 width=8) (actual time=60.772..60.772 rows=0 loops=1)"
"                                                                                            Index Cond: (commissiondiv_id = 29)"
"                                                                                            Filter: ((isexempt IS NULL) OR (isexempt = 0))"
"                                      ->  Materialize  (cost=0.00..54.90 rows=768 width=8) (actual time=0.200..3.397 rows=826 loops=1)"
"                                            ->  Index Scan using payoffs_pkey on payoffs  (cost=0.00..52.98 rows=768 width=8) (actual time=0.178..1.478 rows=768 loops=1)"
"                                ->  Hash  (cost=93.40..93.40 rows=1733 width=52) (actual time=5.936..5.936 rows=1733 loops=1)"
"                                      Buckets: 1024  Batches: 1  Memory Usage: 148kB"
"                                      ->  Seq Scan on contracts  (cost=0.00..93.40 rows=1733 width=52) (actual time=0.027..3.264 rows=1733 loops=1)"
"                                            Filter: ((status IS NULL) OR (status = 0))"
"                                            Rows Removed by Filter: 379"
"                          ->  Hash  (cost=1.25..1.25 rows=25 width=112) (actual time=0.094..0.094 rows=25 loops=1)"
"                                Buckets: 1024  Batches: 1  Memory Usage: 2kB"
"                                ->  Seq Scan on organizations  (cost=0.00..1.25 rows=25 width=112) (actual time=0.016..0.047 rows=25 loops=1)"
"                    ->  Materialize  (cost=1.12..1.30 rows=7 width=40) (actual time=0.068..0.076 rows=7 loops=260)"
"                          ->  HashAggregate  (cost=1.12..1.19 rows=7 width=24) (actual time=17.344..17.359 rows=7 loops=1)"
"                                ->  Seq Scan on payoffothers  (cost=0.00..1.07 rows=7 width=24) (actual time=17.290..17.300 rows=7 loops=1)"
"Total runtime: 17453.515 ms"
"""
    val orgSecond = """
"Limit  (cost=217145.63..217146.53 rows=20 width=484) (actual time=8230.859..8230.987 rows=20 loops=1)"
"  ->  Unique  (cost=217145.63..217535.87 rows=8672 width=484) (actual time=8230.852..8230.934 rows=20 loops=1)"
"        ->  Sort  (cost=217145.63..217167.31 rows=8672 width=484) (actual time=8230.848..8230.871 rows=20 loops=1)"
"              Sort Key: public.payoffs.closedate, public.contracts.contract_cd, (COALESCE(sum(sales.salequantity), 0::numeric)), (COALESCE(sum(sales.saleprice), 0::numeric)), (COALESCE(sum(sales.netprofit), 0::numeric)), (COALESCE(sum(commshop.commissionprice), 0::numeric)), (COALESCE(sum(commdelivery.commissionprice), 0::numeric)), (COALESCE(sum(commpickup.commissionprice), 0::numeric)), (COALESCE(sum(commpricetag.commissionprice), 0::numeric)), (COALESCE(sum(commbox.commissionprice), 0::numeric)), (COALESCE(sum(commpaperwork.commissionprice), 0::numeric)), (COALESCE((sum(payoffothers.price)), 0::numeric)), public.payoffs.id, public.contracts.id, public.contracts.contractorname, public.contracts.contractorkname, public.organizations.name"
"              Sort Method: quicksort  Memory: 94kB"
"              ->  Nested Loop Left Join  (cost=212714.19..214681.39 rows=8672 width=484) (actual time=8031.457..8228.636 rows=260 loops=1)"
"                    Join Filter: ((sales.payoff_id = payoffothers.payoff_id) AND (public.contracts.id = payoffothers.contract_id))"
"                    Rows Removed by Join Filter: 1815"
"                    ->  Hash Left Join  (cost=212713.07..213617.79 rows=8672 width=456) (actual time=8031.343..8222.628 rows=260 loops=1)"
"                          Hash Cond: (public.contracts.organization_id = public.organizations.id)"
"                          ->  Hash Left Join  (cost=212711.51..213496.99 rows=8672 width=352) (actual time=8031.211..8221.705 rows=260 loops=1)"
"                                Hash Cond: ((sales.contract_cd)::text = (public.contracts.contract_cd)::text)"
"                                ->  Merge Left Join  (cost=212596.45..213256.47 rows=8672 width=305) (actual time=8025.387..8214.808 rows=260 loops=1)"
"                                      Merge Cond: (sales.payoff_id = public.payoffs.id)"
"                                      ->  GroupAggregate  (cost=212596.45..212965.01 rows=8672 width=51) (actual time=8022.360..8209.349 rows=260 loops=1)"
"                                            ->  Sort  (cost=212596.45..212618.13 rows=8672 width=51) (actual time=8020.829..8095.902 rows=26707 loops=1)"
"                                                  Sort Key: sales.payoff_id, sales.contract_cd, public.contracts.id"
"                                                  Sort Method: external merge  Disk: 1776kB"
"                                                  ->  Hash Right Join  (cost=175705.43..212029.20 rows=8672 width=51) (actual time=6620.196..7819.466 rows=26707 loops=1)"
"                                                        Hash Cond: (commbox.sale_id = sales.id)"
"                                                        ->  Seq Scan on salecommissions commbox  (cost=0.00..31655.24 rows=366545 width=8) (actual time=0.157..762.798 rows=364872 loops=1)"
"                                                              Filter: (((isexempt IS NULL) OR (isexempt = 0)) AND (commissiondiv_id = 31))"
"                                                              Rows Removed by Filter: 1054011"
"                                                        ->  Hash  (cost=175597.39..175597.39 rows=8643 width=51) (actual time=6028.595..6028.595 rows=26707 loops=1)"
"                                                              Buckets: 1024  Batches: 2 (originally 1)  Memory Usage: 1134kB"
"                                                              ->  Hash Right Join  (cost=139332.64..175597.39 rows=8643 width=51) (actual time=4975.967..5977.761 rows=26707 loops=1)"
"                                                                    Hash Cond: (commpaperwork.sale_id = sales.id)"
"                                                                    ->  Seq Scan on salecommissions commpaperwork  (cost=0.00..31655.24 rows=361910 width=8) (actual time=0.285..787.408 rows=364872 loops=1)"
"                                                                          Filter: (((isexempt IS NULL) OR (isexempt = 0)) AND (commissiondiv_id = 37))"
"                                                                          Rows Removed by Filter: 1054011"
"                                                                    ->  Hash  (cost=139224.60..139224.60 rows=8643 width=47) (actual time=4345.745..4345.745 rows=26707 loops=1)"
"                                                                          Buckets: 1024  Batches: 2 (originally 1)  Memory Usage: 1069kB"
"                                                                          ->  Nested Loop Left Join  (cost=53408.42..139224.60 rows=8643 width=47) (actual time=3050.329..4294.204 rows=26707 loops=1)"
"                                                                                Join Filter: (sales.id = commpickup.sale_id)"
"                                                                                ->  Nested Loop Left Join  (cost=53408.42..112878.97 rows=8643 width=43) (actual time=3007.658..4122.791 rows=26707 loops=1)"
"                                                                                      Join Filter: (sales.id = commdelivery.sale_id)"
"                                                                                      ->  Hash Right Join  (cost=53408.42..86533.33 rows=8643 width=39) (actual time=2945.749..3933.031 rows=26707 loops=1)"
"                                                                                            Hash Cond: (commshop.sale_id = sales.id)"
"                                                                                            ->  Seq Scan on salecommissions commshop  (cost=0.00..31655.24 rows=368862 width=8) (actual time=0.154..790.728 rows=364872 loops=1)"
"                                                                                                  Filter: (((isexempt IS NULL) OR (isexempt = 0)) AND (commissiondiv_id = 27))"
"                                                                                                  Rows Removed by Filter: 1054011"
"                                                                                            ->  Hash  (cost=53301.42..53301.42 rows=8560 width=35) (actual time=2328.917..2328.917 rows=26707 loops=1)"
"                                                                                                  Buckets: 1024  Batches: 2 (originally 1)  Memory Usage: 1025kB"
"                                                                                                  ->  Nested Loop  (cost=20278.04..53301.42 rows=8560 width=35) (actual time=1321.028..2278.790 rows=26707 loops=1)"
"                                                                                                        ->  Seq Scan on organizations  (cost=0.00..1.31 rows=1 width=4) (actual time=0.024..0.035 rows=1 loops=1)"
"                                                                                                              Filter: (id = 7)"
"                                                                                                              Rows Removed by Filter: 24"
"                                                                                                        ->  Hash Right Join  (cost=20278.04..53214.51 rows=8560 width=39) (actual time=1320.995..2212.588 rows=26707 loops=1)"
"                                                                                                              Hash Cond: (commpricetag.sale_id = sales.id)"
"                                                                                                              ->  Seq Scan on salecommissions commpricetag  (cost=0.00..31655.24 rows=321566 width=8) (actual time=0.055..728.644 rows=324267 loops=1)"
"                                                                                                                    Filter: (((isexempt IS NULL) OR (isexempt = 0)) AND (commissiondiv_id = 30))"
"                                                                                                                    Rows Removed by Filter: 1094616"
"                                                                                                              ->  Hash  (cost=20171.04..20171.04 rows=8560 width=35) (actual time=750.747..750.747 rows=26707 loops=1)"
"                                                                                                                    Buckets: 1024  Batches: 2 (originally 1)  Memory Usage: 1025kB"
"                                                                                                                    ->  Hash Join  (cost=132.13..20171.04 rows=8560 width=35) (actual time=4.491..699.360 rows=26707 loops=1)"
"                                                                                                                          Hash Cond: ((sales.contract_cd)::text = (public.contracts.contract_cd)::text)"
"                                                                                                                          ->  Hash Join  (cost=25.08..19843.56 rows=26965 width=27) (actual time=1.875..562.074 rows=75304 loops=1)"
"                                                                                                                                Hash Cond: (sales.payoff_id = public.payoffs.id)"
"                                                                                                                                ->  Seq Scan on sales  (cost=0.00..19056.00 rows=131423 width=27) (actual time=0.430..271.111 rows=131510 loops=1)"
"                                                                                                                                      Filter: (payoff_id IS NOT NULL)"
"                                                                                                                                      Rows Removed by Filter: 233790"
"                                                                                                                                ->  Hash  (cost=19.60..19.60 rows=438 width=4) (actual time=1.399..1.399 rows=438 loops=1)"
"                                                                                                                                      Buckets: 1024  Batches: 1  Memory Usage: 16kB"
"                                                                                                                                      ->  Seq Scan on payoffs  (cost=0.00..19.60 rows=438 width=4) (actual time=0.076..0.741 rows=438 loops=1)"
"                                                                                                                                            Filter: (closedate >= '2013-10-31'::date)"
"                                                                                                                                            Rows Removed by Filter: 330"
"                                                                                                                          ->  Hash  (cost=98.68..98.68 rows=670 width=12) (actual time=2.564..2.564 rows=626 loops=1)"
"                                                                                                                                Buckets: 1024  Batches: 1  Memory Usage: 30kB"
"                                                                                                                                ->  Seq Scan on contracts  (cost=0.00..98.68 rows=670 width=12) (actual time=0.048..1.617 rows=626 loops=1)"
"                                                                                                                                      Filter: (((status IS NULL) OR (status = 0)) AND (organization_id = 7))"
"                                                                                                                                      Rows Removed by Filter: 1486"
"                                                                                      ->  Materialize  (cost=0.00..26215.99 rows=1 width=8) (actual time=0.004..0.004 rows=0 loops=26707)"
"                                                                                            ->  Index Scan using salecommissions_sale_id_commissiondiv_id_key on salecommissions commdelivery  (cost=0.00..26215.99 rows=1 width=8) (actual time=61.877..61.877 rows=0 loops=1)"
"                                                                                                  Index Cond: (commissiondiv_id = 28)"
"                                                                                                  Filter: ((isexempt IS NULL) OR (isexempt = 0))"
"                                                                                ->  Materialize  (cost=0.00..26215.99 rows=1 width=8) (actual time=0.003..0.003 rows=0 loops=26707)"
"                                                                                      ->  Index Scan using salecommissions_sale_id_commissiondiv_id_key on salecommissions commpickup  (cost=0.00..26215.99 rows=1 width=8) (actual time=42.629..42.629 rows=0 loops=1)"
"                                                                                            Index Cond: (commissiondiv_id = 29)"
"                                                                                            Filter: ((isexempt IS NULL) OR (isexempt = 0))"
"                                      ->  Materialize  (cost=0.00..54.90 rows=768 width=8) (actual time=0.216..3.499 rows=826 loops=1)"
"                                            ->  Index Scan using payoffs_pkey on payoffs  (cost=0.00..52.98 rows=768 width=8) (actual time=0.204..1.591 rows=768 loops=1)"
"                                ->  Hash  (cost=93.40..93.40 rows=1733 width=52) (actual time=5.738..5.738 rows=1733 loops=1)"
"                                      Buckets: 1024  Batches: 1  Memory Usage: 148kB"
"                                      ->  Seq Scan on contracts  (cost=0.00..93.40 rows=1733 width=52) (actual time=0.037..3.197 rows=1733 loops=1)"
"                                            Filter: ((status IS NULL) OR (status = 0))"
"                                            Rows Removed by Filter: 379"
"                          ->  Hash  (cost=1.25..1.25 rows=25 width=112) (actual time=0.092..0.092 rows=25 loops=1)"
"                                Buckets: 1024  Batches: 1  Memory Usage: 2kB"
"                                ->  Seq Scan on organizations  (cost=0.00..1.25 rows=25 width=112) (actual time=0.014..0.048 rows=25 loops=1)"
"                    ->  Materialize  (cost=1.12..1.30 rows=7 width=40) (actual time=0.002..0.010 rows=7 loops=260)"
"                          ->  HashAggregate  (cost=1.12..1.19 rows=7 width=24) (actual time=0.052..0.064 rows=7 loops=1)"
"                                ->  Seq Scan on payoffothers  (cost=0.00..1.07 rows=7 width=24) (actual time=0.013..0.023 rows=7 loops=1)"
"Total runtime: 8232.353 ms"
"""      
val orgFixSecond = """
"Limit  (cost=147872.42..147873.32 rows=20 width=484) (actual time=2574.311..2574.440 rows=20 loops=1)"
"  ->  Unique  (cost=147872.42..148023.08 rows=3348 width=484) (actual time=2574.307..2574.392 rows=20 loops=1)"
"        ->  Sort  (cost=147872.42..147880.79 rows=3348 width=484) (actual time=2574.303..2574.326 rows=20 loops=1)"
"              Sort Key: public.payoffs.closedate, public.contracts.contract_cd, (COALESCE(sum(sales.salequantity), 0::numeric)), (COALESCE(sum(sales.saleprice), 0::numeric)), (COALESCE(sum(sales.netprofit), 0::numeric)), (COALESCE(sum(commshop.commissionprice), 0::numeric)), (COALESCE(sum(commdelivery.commissionprice), 0::numeric)), (COALESCE(sum(commpickup.commissionprice), 0::numeric)), (COALESCE(sum(commpricetag.commissionprice), 0::numeric)), (COALESCE(sum(commbox.commissionprice), 0::numeric)), (COALESCE(sum(commpaperwork.commissionprice), 0::numeric)), (COALESCE((sum(payoffothers.price)), 0::numeric)), public.payoffs.id, public.contracts.id, public.contracts.contractorname, public.contracts.contractorkname, public.organizations.name"
"              Sort Method: quicksort  Memory: 94kB"
"              ->  Nested Loop Left Join  (cost=146214.84..146941.41 rows=3348 width=484) (actual time=2414.352..2572.549 rows=260 loops=1)"
"                    Join Filter: ((sales.payoff_id = payoffothers.payoff_id) AND (public.contracts.id = payoffothers.contract_id))"
"                    Rows Removed by Join Filter: 1815"
"                    ->  Hash Left Join  (cost=146213.72..146530.00 rows=3348 width=456) (actual time=2414.259..2566.689 rows=260 loops=1)"
"                          Hash Cond: (sales.payoff_id = public.payoffs.id)"
"                          ->  Hash Left Join  (cost=146186.44..146456.68 rows=3348 width=448) (actual time=2412.144..2563.778 rows=260 loops=1)"
"                                Hash Cond: (public.contracts.organization_id = public.organizations.id)"
"                                ->  Hash Left Join  (cost=146184.88..146409.08 rows=3348 width=344) (actual time=2412.051..2562.904 rows=260 loops=1)"
"                                      Hash Cond: ((sales.contract_cd)::text = (public.contracts.contract_cd)::text)"
"                                      ->  GroupAggregate  (cost=146069.82..146212.11 rows=3348 width=51) (actual time=2406.232..2556.072 rows=260 loops=1)"
"                                            ->  Sort  (cost=146069.82..146078.19 rows=3348 width=51) (actual time=2405.061..2444.388 rows=26707 loops=1)"
"                                                  Sort Key: sales.payoff_id, sales.contract_cd, public.contracts.id"
"                                                  Sort Method: external merge  Disk: 1784kB"
"                                                  ->  Nested Loop Left Join  (cost=2578.78..145873.81 rows=3348 width=51) (actual time=21.740..2221.746 rows=26707 loops=1)"
"                                                        ->  Nested Loop Left Join  (cost=2578.78..122992.90 rows=3337 width=51) (actual time=21.730..1939.565 rows=26707 loops=1)"
"                                                              ->  Nested Loop Left Join  (cost=2578.78..100111.98 rows=3337 width=47) (actual time=21.721..1654.702 rows=26707 loops=1)"
"                                                                    ->  Nested Loop Left Join  (cost=2578.78..77450.49 rows=3305 width=43) (actual time=21.711..1373.241 rows=26707 loops=1)"
"                                                                          ->  Nested Loop Left Join  (cost=2578.78..54788.99 rows=3305 width=39) (actual time=21.699..1083.641 rows=26707 loops=1)"
"                                                                                ->  Nested Loop Left Join  (cost=2578.78..37577.97 rows=3305 width=35) (actual time=21.690..884.835 rows=26707 loops=1)"
"                                                                                      ->  Nested Loop  (cost=2578.78..20366.95 rows=3305 width=31) (actual time=21.667..657.885 rows=26707 loops=1)"
"                                                                                            ->  Seq Scan on organizations  (cost=0.00..1.31 rows=1 width=4) (actual time=0.012..0.019 rows=1 loops=1)"
"                                                                                                  Filter: (id = 7)"
"                                                                                                  Rows Removed by Filter: 24"
"                                                                                            ->  Hash Join  (cost=2578.78..20332.59 rows=3305 width=35) (actual time=21.646..593.779 rows=26707 loops=1)"
"                                                                                                  Hash Cond: ((sales.contract_cd)::text = (public.contracts.contract_cd)::text)"
"                                                                                                  ->  Hash Join  (cost=2471.72..20140.43 rows=10410 width=27) (actual time=19.231..452.593 rows=75304 loops=1)"
"                                                                                                        Hash Cond: (sales.payoff_id = public.payoffs.id)"
"                                                                                                        ->  Bitmap Heap Scan on sales  (cost=2446.65..19820.99 rows=50737 width=27) (actual time=17.995..210.614 rows=87342 loops=1)"
"                                                                                                              Recheck Cond: (payoff_id IS NOT NULL)"
"                                                                                                              Filter: ((id >= 160022) AND (id <= 304472))"
"                                                                                                              Rows Removed by Filter: 44168"
"                                                                                                              ->  Bitmap Index Scan on test  (cost=0.00..2433.96 rows=131423 width=0) (actual time=16.404..16.404 rows=131510 loops=1)"
"                                                                                                                    Index Cond: (payoff_id IS NOT NULL)"
"                                                                                                        ->  Hash  (cost=19.60..19.60 rows=438 width=4) (actual time=1.220..1.220 rows=438 loops=1)"
"                                                                                                              Buckets: 1024  Batches: 1  Memory Usage: 16kB"
"                                                                                                              ->  Seq Scan on payoffs  (cost=0.00..19.60 rows=438 width=4) (actual time=0.066..0.659 rows=438 loops=1)"
"                                                                                                                    Filter: (closedate >= '2013-10-31'::date)"
"                                                                                                                    Rows Removed by Filter: 330"
"                                                                                                  ->  Hash  (cost=98.68..98.68 rows=670 width=12) (actual time=2.401..2.401 rows=626 loops=1)"
"                                                                                                        Buckets: 1024  Batches: 1  Memory Usage: 30kB"
"                                                                                                        ->  Seq Scan on contracts  (cost=0.00..98.68 rows=670 width=12) (actual time=0.011..1.555 rows=626 loops=1)"
"                                                                                                              Filter: (((status IS NULL) OR (status = 0)) AND (organization_id = 7))"
"                                                                                                              Rows Removed by Filter: 1486"
"                                                                                      ->  Index Scan using salecommissions_sale_id_commissiondiv_id_key on salecommissions commdelivery  (cost=0.00..5.20 rows=1 width=8) (actual time=0.004..0.004 rows=0 loops=26707)"
"                                                                                            Index Cond: ((sales.id = sale_id) AND (commissiondiv_id = 28))"
"                                                                                            Filter: ((isexempt IS NULL) OR (isexempt = 0))"
"                                                                                ->  Index Scan using salecommissions_sale_id_commissiondiv_id_key on salecommissions commpickup  (cost=0.00..5.20 rows=1 width=8) (actual time=0.003..0.003 rows=0 loops=26707)"
"                                                                                      Index Cond: ((sales.id = sale_id) AND (commissiondiv_id = 29))"
"                                                                                      Filter: ((isexempt IS NULL) OR (isexempt = 0))"
"                                                                          ->  Index Scan using salecommissions_sale_id_commissiondiv_id_key on salecommissions commpricetag  (cost=0.00..6.85 rows=1 width=8) (actual time=0.004..0.006 rows=1 loops=26707)"
"                                                                                Index Cond: ((sales.id = sale_id) AND (commissiondiv_id = 30))"
"                                                                                Filter: ((isexempt IS NULL) OR (isexempt = 0))"
"                                                                    ->  Index Scan using salecommissions_sale_id_commissiondiv_id_key on salecommissions commshop  (cost=0.00..6.85 rows=1 width=8) (actual time=0.004..0.005 rows=1 loops=26707)"
"                                                                          Index Cond: ((sales.id = sale_id) AND (commissiondiv_id = 27))"
"                                                                          Filter: ((isexempt IS NULL) OR (isexempt = 0))"
"                                                              ->  Index Scan using salecommissions_sale_id_commissiondiv_id_key on salecommissions commpaperwork  (cost=0.00..6.85 rows=1 width=8) (actual time=0.004..0.005 rows=1 loops=26707)"
"                                                                    Index Cond: ((sales.id = sale_id) AND (commissiondiv_id = 37))"
"                                                                    Filter: ((isexempt IS NULL) OR (isexempt = 0))"
"                                                        ->  Index Scan using salecommissions_sale_id_commissiondiv_id_key on salecommissions commbox  (cost=0.00..6.85 rows=1 width=8) (actual time=0.004..0.005 rows=1 loops=26707)"
"                                                              Index Cond: ((sales.id = sale_id) AND (commissiondiv_id = 31))"
"                                                              Filter: ((isexempt IS NULL) OR (isexempt = 0))"
"                                      ->  Hash  (cost=93.40..93.40 rows=1733 width=52) (actual time=5.788..5.788 rows=1733 loops=1)"
"                                            Buckets: 1024  Batches: 1  Memory Usage: 148kB"
"                                            ->  Seq Scan on contracts  (cost=0.00..93.40 rows=1733 width=52) (actual time=0.039..3.194 rows=1733 loops=1)"
"                                                  Filter: ((status IS NULL) OR (status = 0))"
"                                                  Rows Removed by Filter: 379"
"                                ->  Hash  (cost=1.25..1.25 rows=25 width=112) (actual time=0.077..0.077 rows=25 loops=1)"
"                                      Buckets: 1024  Batches: 1  Memory Usage: 2kB"
"                                      ->  Seq Scan on organizations  (cost=0.00..1.25 rows=25 width=112) (actual time=0.006..0.038 rows=25 loops=1)"
"                          ->  Hash  (cost=17.68..17.68 rows=768 width=8) (actual time=2.098..2.098 rows=768 loops=1)"
"                                Buckets: 1024  Batches: 1  Memory Usage: 30kB"
"                                ->  Seq Scan on payoffs  (cost=0.00..17.68 rows=768 width=8) (actual time=0.015..1.035 rows=768 loops=1)"
"                    ->  Materialize  (cost=1.12..1.30 rows=7 width=40) (actual time=0.001..0.010 rows=7 loops=260)"
"                          ->  HashAggregate  (cost=1.12..1.19 rows=7 width=24) (actual time=0.043..0.052 rows=7 loops=1)"
"                                ->  Seq Scan on payoffothers  (cost=0.00..1.07 rows=7 width=24) (actual time=0.011..0.018 rows=7 loops=1)"
"Total runtime: 2575.375 ms"
"""
  
val optSecond = """
"Limit  (cost=39264.92..39264.97 rows=20 width=484) (actual time=2624.825..2624.891 rows=20 loops=1)"
"  ->  Sort  (cost=39264.92..39297.02 rows=12837 width=484) (actual time=2624.821..2624.844 rows=20 loops=1)"
"        Sort Key: public.payoffs.closedate, public.contracts.contract_cd"
"        Sort Method: top-N heapsort  Memory: 30kB"
"        ->  Hash Left Join  (cost=37320.70..38923.33 rows=12837 width=484) (actual time=1940.825..2623.646 rows=260 loops=1)"
"              Hash Cond: ((sales.payoff_id = payoffothers.payoff_id) AND (public.contracts.id = payoffothers.contract_id))"
"              ->  Hash Left Join  (cost=37319.33..38825.68 rows=12837 width=456) (actual time=1940.745..2622.744 rows=260 loops=1)"
"                    Hash Cond: (public.contracts.organization_id = public.organizations.id)"
"                    ->  Hash Left Join  (cost=37317.77..38647.61 rows=12837 width=352) (actual time=1940.655..2621.925 rows=260 loops=1)"
"                          Hash Cond: ((sales.contract_cd)::text = (public.contracts.contract_cd)::text)"
"                          ->  Merge Left Join  (cost=37202.71..38346.83 rows=12837 width=305) (actual time=1934.923..2615.256 rows=260 loops=1)"
"                                Merge Cond: (sales.payoff_id = public.payoffs.id)"
"                                ->  GroupAggregate  (cost=37202.71..37940.84 rows=12837 width=35) (actual time=1932.037..2610.061 rows=260 loops=1)"
"                                      ->  Sort  (cost=37202.71..37234.80 rows=12837 width=35) (actual time=1926.694..2076.093 rows=106060 loops=1)"
"                                            Sort Key: sales.payoff_id, sales.contract_cd, public.contracts.id"
"                                            Sort Method: external merge  Disk: 5264kB"
"                                            ->  Nested Loop Left Join  (cost=2578.78..36326.71 rows=12837 width=35) (actual time=21.798..1279.064 rows=106060 loops=1)"
"                                                  ->  Nested Loop  (cost=2578.78..20366.95 rows=3305 width=31) (actual time=21.779..650.404 rows=26707 loops=1)"
"                                                        ->  Seq Scan on organizations  (cost=0.00..1.31 rows=1 width=4) (actual time=0.012..0.020 rows=1 loops=1)"
"                                                              Filter: (id = 7)"
"                                                              Rows Removed by Filter: 24"
"                                                        ->  Hash Join  (cost=2578.78..20332.59 rows=3305 width=35) (actual time=21.757..586.511 rows=26707 loops=1)"
"                                                              Hash Cond: ((sales.contract_cd)::text = (public.contracts.contract_cd)::text)"
"                                                              ->  Hash Join  (cost=2471.72..20140.43 rows=10410 width=27) (actual time=19.336..446.200 rows=75304 loops=1)"
"                                                                    Hash Cond: (sales.payoff_id = public.payoffs.id)"
"                                                                    ->  Bitmap Heap Scan on sales  (cost=2446.65..19820.99 rows=50737 width=27) (actual time=18.084..205.747 rows=87342 loops=1)"
"                                                                          Recheck Cond: (payoff_id IS NOT NULL)"
"                                                                          Filter: ((id >= 160022) AND (id <= 304472))"
"                                                                          Rows Removed by Filter: 44168"
"                                                                          ->  Bitmap Index Scan on test  (cost=0.00..2433.96 rows=131423 width=0) (actual time=16.509..16.509 rows=131510 loops=1)"
"                                                                                Index Cond: (payoff_id IS NOT NULL)"
"                                                                    ->  Hash  (cost=19.60..19.60 rows=438 width=4) (actual time=1.236..1.236 rows=438 loops=1)"
"                                                                          Buckets: 1024  Batches: 1  Memory Usage: 16kB"
"                                                                          ->  Seq Scan on payoffs  (cost=0.00..19.60 rows=438 width=4) (actual time=0.066..0.670 rows=438 loops=1)"
"                                                                                Filter: (closedate >= '2013-10-31'::date)"
"                                                                                Rows Removed by Filter: 330"
"                                                              ->  Hash  (cost=98.68..98.68 rows=670 width=12) (actual time=2.409..2.409 rows=626 loops=1)"
"                                                                    Buckets: 1024  Batches: 1  Memory Usage: 30kB"
"                                                                    ->  Seq Scan on contracts  (cost=0.00..98.68 rows=670 width=12) (actual time=0.011..1.549 rows=626 loops=1)"
"                                                                          Filter: (((status IS NULL) OR (status = 0)) AND (organization_id = 7))"
"                                                                          Rows Removed by Filter: 1486"
"                                                  ->  Index Scan using salecommissions_index_sales_id on salecommissions  (cost=0.00..4.79 rows=4 width=12) (actual time=0.005..0.011 rows=4 loops=26707)"
"                                                        Index Cond: (sales.id = sale_id)"
"                                                        Filter: ((isexempt IS NULL) OR (isexempt = 0))"
"                                ->  Materialize  (cost=0.00..54.90 rows=768 width=8) (actual time=0.048..3.293 rows=826 loops=1)"
"                                      ->  Index Scan using payoffs_pkey on payoffs  (cost=0.00..52.98 rows=768 width=8) (actual time=0.043..1.354 rows=768 loops=1)"
"                          ->  Hash  (cost=93.40..93.40 rows=1733 width=52) (actual time=5.706..5.706 rows=1733 loops=1)"
"                                Buckets: 1024  Batches: 1  Memory Usage: 148kB"
"                                ->  Seq Scan on contracts  (cost=0.00..93.40 rows=1733 width=52) (actual time=0.019..3.163 rows=1733 loops=1)"
"                                      Filter: ((status IS NULL) OR (status = 0))"
"                                      Rows Removed by Filter: 379"
"                    ->  Hash  (cost=1.25..1.25 rows=25 width=112) (actual time=0.075..0.075 rows=25 loops=1)"
"                          Buckets: 1024  Batches: 1  Memory Usage: 2kB"
"                          ->  Seq Scan on organizations  (cost=0.00..1.25 rows=25 width=112) (actual time=0.004..0.035 rows=25 loops=1)"
"              ->  Hash  (cost=1.26..1.26 rows=7 width=40) (actual time=0.067..0.067 rows=7 loops=1)"
"                    Buckets: 1024  Batches: 1  Memory Usage: 1kB"
"                    ->  HashAggregate  (cost=1.12..1.19 rows=7 width=24) (actual time=0.042..0.053 rows=7 loops=1)"
"                          ->  Seq Scan on payoffothers  (cost=0.00..1.07 rows=7 width=24) (actual time=0.012..0.020 rows=7 loops=1)"
"Total runtime: 2626.385 ms"
"""
}